<?xml version="1.0" encoding="UTF-8"?>
<!-- Generated by org.testng.reporters.JUnitXMLReporter -->
<testsuite hostname="DESKTOP-7LAVJF7" ignored="0" name="Test2" tests="3" failures="1" timestamp="01 Aug 2020 08:44:09 GMT" time="0.077" errors="0">
  <testcase name="test2" time="0.004" classname="HandleFailedTestCase.Simple">
    <skipped/>
  </testcase> <!-- test2 -->
  <testcase name="test2" time="0.002" classname="HandleFailedTestCase.Simple">
    <skipped/>
  </testcase> <!-- test2 -->
  <testcase name="test2" time="0.001" classname="HandleFailedTestCase.Simple">
    <failure type="java.lang.AssertionError" message="expected [true] but found [false]">
      <![CDATA[java.lang.AssertionError: expected [true] but found [false]
at HandleFailedTestCase.Simple.test2(Simple.java:10)
... Removed 29 stack frames]]>
    </failure>
  </testcase> <!-- test2 -->
</testsuite> <!-- Test2 -->
